<?xml version="1.0" encoding="UTF-8"?>
<!-- Generated by org.testng.reporters.JUnitReportReporter -->
<testsuite hostname="DESKTOP-OQIHPFR" failures="0" tests="1" name="personalDetails.Salary_details" time="31.375" errors="0" timestamp="2024-05-24T16:44:22 IST" skipped="0">
  <testcase classname="personalDetails.Salary_details" name="driverInitialize" time="31.375"/>
  <system-out/>
</testsuite> <!-- personalDetails.Salary_details -->
