<?xml version="1.0" encoding="UTF-8"?>
<!-- Generated by org.testng.reporters.JUnitReportReporter -->
<testsuite hostname="DESKTOP-OQIHPFR" failures="0" tests="1" name="resources.BaseClass" time="24.653" errors="0" timestamp="2024-05-21T15:42:55 IST" skipped="0">
  <testcase classname="resources.BaseClass" name="driverInitialize" time="24.653"/>
  <system-out/>
</testsuite> <!-- resources.BaseClass -->
